{
  message: 'DB is connected succesfully...',
  level: 'info',
  label: '<-UM->',
  timestamp: '2023-06-05T14:51:58.867Z'
}
{
  message: 'Application is listening on port 5000',
  level: 'info',
  label: '<-UM->',
  timestamp: '2023-06-05T14:51:58.877Z'
}
{
  message: 'DB is connected succesfully...',
  level: 'info',
  label: '<-UM->',
  timestamp: '2023-06-05T14:53:43.999Z'
}
{
  message: 'Application is listening on port 5000',
  level: 'info',
  label: '<-UM->',
  timestamp: '2023-06-05T14:53:44.014Z'
}
{
  message: 'DB is connected succesfully...',
  level: 'info',
  label: '<-UM->',
  timestamp: '2023-06-05T14:54:06.334Z'
}
{
  message: 'Application is listening on port 5000',
  level: 'info',
  label: '<-UM->',
  timestamp: '2023-06-05T14:54:06.349Z'
}
{
  message: 'DB is connected succesfully...',
  level: 'info',
  label: '<-UM->',
  timestamp: '2023-06-05T14:54:25.673Z'
}
{
  message: 'Application is listening on port 5000',
  level: 'info',
  label: '<-UM->',
  timestamp: '2023-06-05T14:54:25.685Z'
}
{
  message: 'DB is connected succesfully...',
  level: 'info',
  label: '<-UM->',
  timestamp: '2023-06-05T14:55:04.238Z'
}
{
  message: 'Application is listening on port 5000',
  level: 'info',
  label: '<-UM->',
  timestamp: '2023-06-05T14:55:04.249Z'
}
{
  message: 'DB is connected succesfully...',
  level: 'info',
  label: '<-UM->',
  timestamp: '2023-06-05T14:55:29.446Z'
}
{
  message: 'Application is listening on port 5000',
  level: 'info',
  label: '<-UM->',
  timestamp: '2023-06-05T14:55:29.460Z'
}
